<?xml version="1.0" encoding="UTF-8"?>
<testsuite xmlns:xsi="http://www.w3.org/2001/XMLSchema-instance" xsi:noNamespaceSchemaLocation="https://maven.apache.org/surefire/maven-surefire-plugin/xsd/surefire-test-report.xsd" name="TestSuite" time="21.298" tests="3" errors="0" skipped="2" failures="1">
  <properties>
    <property name="java.runtime.name" value="Java(TM) SE Runtime Environment"/>
    <property name="sun.boot.library.path" value="C:\Program Files\Java\jdk1.8.0_231\jre\bin"/>
    <property name="java.vm.version" value="25.231-b11"/>
    <property name="java.vm.vendor" value="Oracle Corporation"/>
    <property name="maven.multiModuleProjectDirectory" value="D:\MyNewProject\myTest"/>
    <property name="java.vendor.url" value="http://java.oracle.com/"/>
    <property name="path.separator" value=";"/>
    <property name="guice.disable.misplaced.annotation.check" value="true"/>
    <property name="java.vm.name" value="Java HotSpot(TM) 64-Bit Server VM"/>
    <property name="file.encoding.pkg" value="sun.io"/>
    <property name="user.script" value=""/>
    <property name="user.country" value="IN"/>
    <property name="sun.java.launcher" value="SUN_STANDARD"/>
    <property name="sun.os.patch.level" value=""/>
    <property name="java.vm.specification.name" value="Java Virtual Machine Specification"/>
    <property name="user.dir" value="D:\MyNewProject\myTest"/>
    <property name="java.runtime.version" value="1.8.0_231-b11"/>
    <property name="java.awt.graphicsenv" value="sun.awt.Win32GraphicsEnvironment"/>
    <property name="java.endorsed.dirs" value="C:\Program Files\Java\jdk1.8.0_231\jre\lib\endorsed"/>
    <property name="os.arch" value="amd64"/>
    <property name="java.io.tmpdir" value="C:\Users\SHIVAM~1.MIS\AppData\Local\Temp\"/>
    <property name="line.separator" value="&#10;"/>
    <property name="java.vm.specification.vendor" value="Oracle Corporation"/>
    <property name="user.variant" value=""/>
    <property name="os.name" value="Windows 10"/>
    <property name="classworlds.conf" value="D:\MyNewProject\.metadata\.plugins\org.eclipse.m2e.launching\launches\m2conf7481753622011876738.tmp"/>
    <property name="sun.jnu.encoding" value="Cp1252"/>
    <property name="java.library.path" value="C:\Program Files\Java\jdk1.8.0_231\bin;C:\Windows\Sun\Java\bin;C:\Windows\system32;C:\Windows;C:/Program Files/Java/jre1.8.0_231/bin/server;C:/Program Files/Java/jre1.8.0_231/bin;C:/Program Files/Java/jre1.8.0_231/lib/amd64;C:\Program Files (x86)\Common Files\Oracle\Java\javapath;C:\Windows\system32;C:\Windows;C:\Windows\System32\Wbem;C:\Windows\System32\WindowsPowerShell\v1.0\;C:\Windows\System32\OpenSSH\;C:\Program Files\PuTTY\;D:\apache-maven-3.6.3\bin;C:\Program Files\Java\jdk1.8.0_231\bin;C:\Program Files\Git\cmd;C:\Users\shivam.mishra\AppData\Local\Android\Sdk\platform-tools;C:\Program Files\Java\jdk1.8.0_231\bin;D:\Apache24\bin;D:\apache-maven-3.6.3;;C:\Windows\System32;;."/>
    <property name="java.specification.name" value="Java Platform API Specification"/>
    <property name="java.class.version" value="52.0"/>
    <property name="sun.management.compiler" value="HotSpot 64-Bit Tiered Compilers"/>
    <property name="os.version" value="10.0"/>
    <property name="user.home" value="C:\Users\shivam.mishra"/>
    <property name="user.timezone" value="Asia/Calcutta"/>
    <property name="java.awt.printerjob" value="sun.awt.windows.WPrinterJob"/>
    <property name="java.specification.version" value="1.8"/>
    <property name="file.encoding" value="Cp1252"/>
    <property name="user.name" value="shivam.mishra"/>
    <property name="java.class.path" value="C:\Users\shivam.mishra\.p2\pool\plugins\org.eclipse.m2e.maven.runtime_1.14.0.20191209-1923\jars\plexus-classworlds-2.6.0.jar"/>
    <property name="java.vm.specification.version" value="1.8"/>
    <property name="sun.arch.data.model" value="64"/>
    <property name="java.home" value="C:\Program Files\Java\jdk1.8.0_231\jre"/>
    <property name="sun.java.command" value="org.codehaus.plexus.classworlds.launcher.Launcher -B install"/>
    <property name="java.specification.vendor" value="Oracle Corporation"/>
    <property name="user.language" value="en"/>
    <property name="awt.toolkit" value="sun.awt.windows.WToolkit"/>
    <property name="java.vm.info" value="mixed mode"/>
    <property name="java.version" value="1.8.0_231"/>
    <property name="java.ext.dirs" value="C:\Program Files\Java\jdk1.8.0_231\jre\lib\ext;C:\Windows\Sun\Java\lib\ext"/>
    <property name="sun.boot.class.path" value="C:\Program Files\Java\jdk1.8.0_231\jre\lib\resources.jar;C:\Program Files\Java\jdk1.8.0_231\jre\lib\rt.jar;C:\Program Files\Java\jdk1.8.0_231\jre\lib\sunrsasign.jar;C:\Program Files\Java\jdk1.8.0_231\jre\lib\jsse.jar;C:\Program Files\Java\jdk1.8.0_231\jre\lib\jce.jar;C:\Program Files\Java\jdk1.8.0_231\jre\lib\charsets.jar;C:\Program Files\Java\jdk1.8.0_231\jre\lib\jfr.jar;C:\Program Files\Java\jdk1.8.0_231\jre\classes"/>
    <property name="java.vendor" value="Oracle Corporation"/>
    <property name="maven.home" value="D:\MyNewProject\myTest\EMBEDDED"/>
    <property name="file.separator" value="\"/>
    <property name="java.vendor.url.bug" value="http://bugreport.sun.com/bugreport/"/>
    <property name="sun.cpu.endian" value="little"/>
    <property name="sun.io.unicode.encoding" value="UnicodeLittle"/>
    <property name="sun.desktop" value="windows"/>
    <property name="sun.cpu.isalist" value="amd64"/>
  </properties>
  <testcase name="setup" classname="regression.TestLoginFlow" time="20.859">
    <failure message="session not created&#10;from chrome not reachable&#10;  (Session info: chrome=80.0.3987.122)&#10;Build info: version: &apos;3.8.1&apos;, revision: &apos;6e95a6684b&apos;, time: &apos;2017-12-01T18:33:54.468Z&apos;&#10;System info: host: &apos;TECH-SHIVAMMI&apos;, ip: &apos;192.168.221.154&apos;, os.name: &apos;Windows 10&apos;, os.arch: &apos;amd64&apos;, os.version: &apos;10.0&apos;, java.version: &apos;1.8.0_231&apos;&#10;Driver info: driver.version: ChromeDriver&#10;remote stacktrace: Backtrace:&#10;	Ordinal0 [0x002BA113+1548563]&#10;	Ordinal0 [0x0023DDA1+1039777]&#10;	Ordinal0 [0x001BE32E+516910]&#10;	Ordinal0 [0x001B8012+491538]&#10;	Ordinal0 [0x001B86EB+493291]&#10;	Ordinal0 [0x001B9855+497749]&#10;	Ordinal0 [0x001B5885+481413]&#10;	Ordinal0 [0x001BF0D0+520400]&#10;	Ordinal0 [0x0016C030+180272]&#10;	Ordinal0 [0x0016B59D+177565]&#10;	Ordinal0 [0x001695FB+169467]&#10;	Ordinal0 [0x0015160A+71178]&#10;	Ordinal0 [0x00152690+75408]&#10;	Ordinal0 [0x00152629+75305]&#10;	Ordinal0 [0x002571B7+1143223]&#10;	GetHandleVerifier [0x00352B46+507814]&#10;	GetHandleVerifier [0x00352864+507076]&#10;	GetHandleVerifier [0x00359F47+537511]&#10;	GetHandleVerifier [0x00353402+510050]&#10;	Ordinal0 [0x0024F29C+1110684]&#10;	Ordinal0 [0x0025938B+1151883]&#10;	Ordinal0 [0x002594F3+1152243]&#10;	Ordinal0 [0x002583F5+1147893]&#10;	BaseThreadInitThunk [0x779C6359+25]&#10;	RtlGetAppContainerNamedObjectPath [0x77D27B74+228]&#10;	RtlGetAppContainerNamedObjectPath [0x77D27B44+180]&#10;" type="org.openqa.selenium.SessionNotCreatedException">org.openqa.selenium.SessionNotCreatedException: 
session not created
from chrome not reachable
  (Session info: chrome=80.0.3987.122)
Build info: version: '3.8.1', revision: '6e95a6684b', time: '2017-12-01T18:33:54.468Z'
System info: host: 'TECH-SHIVAMMI', ip: '192.168.221.154', os.name: 'Windows 10', os.arch: 'amd64', os.version: '10.0', java.version: '1.8.0_231'
Driver info: driver.version: ChromeDriver
remote stacktrace: Backtrace:
	Ordinal0 [0x002BA113+1548563]
	Ordinal0 [0x0023DDA1+1039777]
	Ordinal0 [0x001BE32E+516910]
	Ordinal0 [0x001B8012+491538]
	Ordinal0 [0x001B86EB+493291]
	Ordinal0 [0x001B9855+497749]
	Ordinal0 [0x001B5885+481413]
	Ordinal0 [0x001BF0D0+520400]
	Ordinal0 [0x0016C030+180272]
	Ordinal0 [0x0016B59D+177565]
	Ordinal0 [0x001695FB+169467]
	Ordinal0 [0x0015160A+71178]
	Ordinal0 [0x00152690+75408]
	Ordinal0 [0x00152629+75305]
	Ordinal0 [0x002571B7+1143223]
	GetHandleVerifier [0x00352B46+507814]
	GetHandleVerifier [0x00352864+507076]
	GetHandleVerifier [0x00359F47+537511]
	GetHandleVerifier [0x00353402+510050]
	Ordinal0 [0x0024F29C+1110684]
	Ordinal0 [0x0025938B+1151883]
	Ordinal0 [0x002594F3+1152243]
	Ordinal0 [0x002583F5+1147893]
	BaseThreadInitThunk [0x779C6359+25]
	RtlGetAppContainerNamedObjectPath [0x77D27B74+228]
	RtlGetAppContainerNamedObjectPath [0x77D27B44+180]

</failure>
    <system-err><![CDATA[Mar 12, 2020 4:41:53 PM org.openqa.selenium.remote.DesiredCapabilities chrome
INFO: Using `new ChromeOptions()` is preferred to `DesiredCapabilities.chrome()`
Starting ChromeDriver 79.0.3945.36 (3582db32b33893869b8c1339e8f4d9ed1816f143-refs/branch-heads/3945@{#614}) on port 20974
Only local connections are allowed.
Please protect ports used by ChromeDriver and related test frameworks to prevent access by malicious code.
[1584011518.510][WARNING]: This version of ChromeDriver has not been tested with Chrome version 80.
[1584011520.516][WARNING]: Timed out connecting to Chrome, retrying...
[1584011524.518][WARNING]: Timed out connecting to Chrome, retrying...
]]></system-err>
  </testcase>
  <testcase name="testLogin" classname="regression.TestLoginFlow" time="0">
    <skipped/>
  </testcase>
  <testcase name="afterMethod" classname="regression.TestLoginFlow" time="0">
    <skipped/>
  </testcase>
</testsuite>